data_filename : /home/aleman/WORK/FAUST/faust/trunk/devcpp/test/data/hier_fact_data.txt
data
data : nbRow 500 nbCol 32
nb_fact : 4
VERBOSE : 0
UPDATEWAY : 0
INIT_LAMBDA : 1
ISFACTSIDELEFT : 0
niter1 : 200
niter2 : 200
splin 500 32 5
sp 32 32 96
sp 32 32 96
normcol 32 32 1
sp 32 32 666
sp 32 32 333
NFACTS : 4
VERBOSE : 0
UPDATEWAY : 0
INIT_LAMBDA : 1
ISFACTSIDELEFT : 0
ISCONSTANTSTEPSIZE : 0
step_size : 1e-16
data :  nbRow 500 NbCol : 32
stop_crit_2facts : 200
stop_crit_global : 200
CONSTRAINT  : 3
  FACTORS : 
type_cont : INT CONSTRAINT_NAME_SPLIN nb_row :500 nb_col :32 parameter :5
type_cont : INT CONSTRAINT_NAME_SP nb_row :32 nb_col :32 parameter :96
type_cont : INT CONSTRAINT_NAME_SP nb_row :32 nb_col :32 parameter :96


  RESIDUUMS : 
type_cont : FAUST_REAL CONSTRAINT_NAME_NORMCOL nb_row :32 nb_col :32 parameter :1
type_cont : INT CONSTRAINT_NAME_SP nb_row :32 nb_col :32 parameter :666
type_cont : INT CONSTRAINT_NAME_SP nb_row :32 nb_col :32 parameter :333


hierarchical_fact<T>::compute_facts : factorization 1/3
timers in palm4MSA : 
t_local_next_step           = 0.262717 s for 200 calls
t grad + updateL + updateR  = 0.0702849 s for 400 calls of grad
t local_compute_c  = 0.0688373 s for 400 calls of grad
t_local_compute_lambda      = 0.0200738 s for 200 calls
t_local_compute_projection  = 0.087987 s for 400 calls

t_local_compute_grad_over_c = 0.0570316 s for 400 calls
t_local_update_R            = 0.00109398 s for 200 calls
t_local_update_L            = 0.0121594 s for 400 calls
t_check_                    = 0.000236972 s for 200 calls
t_local_init_fact           = 0 s for 0 calls
t_local_init_fact_from_palm = 0 s for 0 calls

timers in palm4MSA : 
t_local_next_step           = 0.191197 s for 200 calls
t grad + updateL + updateR  = 0.0375357 s for 400 calls of grad
t local_compute_c  = 0.0328384 s for 400 calls of grad
t_local_compute_lambda      = 0.0181261 s for 200 calls
t_local_compute_projection  = 0.0880748 s for 400 calls

t_local_compute_grad_over_c = 0.0297074 s for 400 calls
t_local_update_R            = 0.00108966 s for 200 calls
t_local_update_L            = 0.00673869 s for 400 calls
t_check_                    = 0.000246252 s for 200 calls
t_local_init_fact           = 0 s for 0 calls
t_local_init_fact_from_palm = 0 s for 0 calls

hierarchical_fact<T>::compute_facts : factorization 2/3
timers in palm4MSA : 
t_local_next_step           = 0.0602585 s for 200 calls
t grad + updateL + updateR  = 0.0123363 s for 400 calls of grad
t local_compute_c  = 0.0138166 s for 400 calls of grad
t_local_compute_lambda      = 0.00246065 s for 200 calls
t_local_compute_projection  = 0.0258029 s for 400 calls

t_local_compute_grad_over_c = 0.00890906 s for 400 calls
t_local_update_R            = 0.00104721 s for 200 calls
t_local_update_L            = 0.00238004 s for 400 calls
t_check_                    = 0.000235635 s for 200 calls
t_local_init_fact           = 0 s for 0 calls
t_local_init_fact_from_palm = 0 s for 0 calls

timers in palm4MSA : 
t_local_next_step           = 0.221728 s for 200 calls
t grad + updateL + updateR  = 0.0576242 s for 600 calls of grad
t local_compute_c  = 0.029631 s for 600 calls of grad
t_local_compute_lambda      = 0.00900077 s for 200 calls
t_local_compute_projection  = 0.109212 s for 600 calls

t_local_compute_grad_over_c = 0.0427212 s for 600 calls
t_local_update_R            = 0.00261038 s for 200 calls
t_local_update_L            = 0.0122926 s for 600 calls
t_check_                    = 0.000253522 s for 200 calls
t_local_init_fact           = 0 s for 0 calls
t_local_init_fact_from_palm = 0 s for 0 calls

hierarchical_fact<T>::compute_facts : factorization 3/3
timers in palm4MSA : 
t_local_next_step           = 0.0514423 s for 200 calls
t grad + updateL + updateR  = 0.0147368 s for 400 calls of grad
t local_compute_c  = 0.00946081 s for 400 calls of grad
t_local_compute_lambda      = 0.00245002 s for 200 calls
t_local_compute_projection  = 0.0189785 s for 400 calls

t_local_compute_grad_over_c = 0.0112893 s for 400 calls
t_local_update_R            = 0.00107653 s for 200 calls
t_local_update_L            = 0.00237097 s for 400 calls
t_check_                    = 0.000235987 s for 200 calls
t_local_init_fact           = 0 s for 0 calls
t_local_init_fact_from_palm = 0 s for 0 calls

timers in palm4MSA : 
t_local_next_step           = 0.383216 s for 200 calls
t grad + updateL + updateR  = 0.122056 s for 800 calls of grad
t local_compute_c  = 0.108239 s for 800 calls of grad
t_local_compute_lambda      = 0.0153439 s for 200 calls
t_local_compute_projection  = 0.119072 s for 800 calls

t_local_compute_grad_over_c = 0.0896837 s for 800 calls
t_local_update_R            = 0.00407272 s for 200 calls
t_local_update_L            = 0.0282995 s for 800 calls
t_check_                    = 0.000248346 s for 200 calls
t_local_init_fact           = 0 s for 0 calls
t_local_init_fact_from_palm = 0 s for 0 calls

timers in palm4MSA : 
t_global_next_step           = 1.17055 s for 1200 calls
t grad + updateL + updateR  = 0.313667 s for 3000 calls of grad
t_global_compute_c = 0.26279 s for 3000 calls
t_global_compute_lambda      = 0.0674553 s for 1200 calls
t_global_compute_projection  = 0.449102 s for 3000 calls

timers in hierarchical_fact :
t_init      = 9.638e-06 s for 1 calls
t_next_step = 1.17816 s for 3 calls

total hierarchical fact = 1.17832
lambda=9401.576171875
