floating point precision == double
NFACTS : 4
VERBOSE : 0
UPDATEWAY : 0
INIT_LAMBDA : 1
ISFACTSIDELEFT : 0
ISCONSTANTSTEPSIZE : 0
step_size : 1e-16
data :  nbRow 500 NbCol : 32
stop_crit_2facts : 200
stop_crit_global : 200
CONSTRAINT  : 3
  FACTORS : 
type_cont : INT CONSTRAINT_NAME_SPLIN nb_row :500 nb_col :32 parameter :5
type_cont : INT CONSTRAINT_NAME_SP nb_row :32 nb_col :32 parameter :96
type_cont : INT CONSTRAINT_NAME_SP nb_row :32 nb_col :32 parameter :96


  RESIDUUMS : 
type_cont : FAUST_REAL CONSTRAINT_NAME_NORMCOL nb_row :32 nb_col :32 parameter :1
type_cont : INT CONSTRAINT_NAME_SP nb_row :32 nb_col :32 parameter :666
type_cont : INT CONSTRAINT_NAME_SP nb_row :32 nb_col :32 parameter :333


hierarchical_fact_cu<T>::compute_facts : factorisation 1/3
timers in palm4MSA_cu : 
t_local_next_step           = 4.9514 s for 200 calls
t grad + updateL + updateR  = 0.184555 s for 400 calls of grad
t local_compute_c  = 4.45218 s for 400 calls of grad
t_local_compute_lambda      = 0.079285 s for 200 calls
t_local_compute_projection  = 0.127347 s for 400 calls

t_local_compute_grad_over_c = 0.125563 s for 400 calls
t_local_update_R            = 0.0198059 s for 200 calls
t_local_update_L            = 0.0391865 s for 400 calls
t_check_                    = 0.00145456 s for 200 calls
t_local_init_fact           = 0 s for 0 calls
t_local_init_fact_from_palm = 0 s for 0 calls

timers in palm4MSA_cu : 
t_local_next_step           = 4.95867 s for 200 calls
t grad + updateL + updateR  = 0.215217 s for 400 calls of grad
t local_compute_c  = 4.41334 s for 400 calls of grad
t_local_compute_lambda      = 0.0794593 s for 200 calls
t_local_compute_projection  = 0.124384 s for 400 calls

t_local_compute_grad_over_c = 0.154394 s for 400 calls
t_local_update_R            = 0.021036 s for 200 calls
t_local_update_L            = 0.0397872 s for 400 calls
t_check_                    = 0.00146858 s for 200 calls
t_local_init_fact           = 0 s for 0 calls
t_local_init_fact_from_palm = 0 s for 0 calls

hierarchical_fact_cu<T>::compute_facts : factorisation 2/3
timers in palm4MSA_cu : 
t_local_next_step           = 4.26193 s for 200 calls
t grad + updateL + updateR  = 0.144453 s for 400 calls of grad
t local_compute_c  = 3.96749 s for 400 calls of grad
t_local_compute_lambda      = 0.0453441 s for 200 calls
t_local_compute_projection  = 0.0479718 s for 400 calls

t_local_compute_grad_over_c = 0.0932411 s for 400 calls
t_local_update_R            = 0.0195355 s for 200 calls
t_local_update_L            = 0.0316768 s for 400 calls
t_check_                    = 0.00147846 s for 200 calls
t_local_init_fact           = 0 s for 0 calls
t_local_init_fact_from_palm = 0 s for 0 calls

timers in palm4MSA_cu : 
t_local_next_step           = 9.25482 s for 200 calls
t grad + updateL + updateR  = 0.275059 s for 600 calls of grad
t local_compute_c  = 8.5976 s for 600 calls of grad
t_local_compute_lambda      = 0.0784901 s for 200 calls
t_local_compute_projection  = 0.159487 s for 600 calls

t_local_compute_grad_over_c = 0.182459 s for 600 calls
t_local_update_R            = 0.0245672 s for 200 calls
t_local_update_L            = 0.0680328 s for 600 calls
t_check_                    = 0.00148211 s for 200 calls
t_local_init_fact           = 0 s for 0 calls
t_local_init_fact_from_palm = 0 s for 0 calls

hierarchical_fact_cu<T>::compute_facts : factorisation 3/3
timers in palm4MSA_cu : 
t_local_next_step           = 3.45222 s for 200 calls
t grad + updateL + updateR  = 0.141795 s for 400 calls of grad
t local_compute_c  = 3.16877 s for 400 calls of grad
t_local_compute_lambda      = 0.0441704 s for 200 calls
t_local_compute_projection  = 0.0424499 s for 400 calls

t_local_compute_grad_over_c = 0.0909567 s for 400 calls
t_local_update_R            = 0.0194027 s for 200 calls
t_local_update_L            = 0.0314351 s for 400 calls
t_check_                    = 0.00142637 s for 200 calls
t_local_init_fact           = 0 s for 0 calls
t_local_init_fact_from_palm = 0 s for 0 calls

timers in palm4MSA_cu : 
t_local_next_step           = 12.3383 s for 200 calls
t grad + updateL + updateR  = 0.35746 s for 800 calls of grad
t local_compute_c  = 11.5851 s for 800 calls of grad
t_local_compute_lambda      = 0.0790882 s for 200 calls
t_local_compute_projection  = 0.17322 s for 800 calls

t_local_compute_grad_over_c = 0.235755 s for 800 calls
t_local_update_R            = 0.0297535 s for 200 calls
t_local_update_L            = 0.0919514 s for 800 calls
t_check_                    = 0.00160653 s for 200 calls
t_local_init_fact           = 0 s for 0 calls
t_local_init_fact_from_palm = 0 s for 0 calls

timers in palm4MSA_cu : 
t_global_next_step           = 39.2119 s for 1200 calls
t grad + updateL + updateR  = 1.28413 s for 3000 calls of grad
t_global_compute_c = 36.1709 s for 3000 calls
t_global_compute_lambda      = 0.400509 s for 1200 calls
t_global_compute_projection  = 0.660927 s for 3000 calls

timers in hierarchical_fact_cu :
t_init      = 0.000332374 s for 1 calls
t_next_step = 39.2359 s for 3 calls

timers in faust_cu_mat :
t_constructor_from_device    = 0.0883654 s for 2233 calls
t_constructor_from_host      = 0 s for 0 calls
t_constructor_from_size      = 7.776e-06 s for 1 calls
t_create                     = 0.332699 s for 35662 calls
t_clear                      = 0.289636 s for 35662 calls
t_copy_from_host             = 0.0436174 s for 3001 calls
t_copy_from_device           = 0.304149 s for 12022 calls
t_copy_to_host               = 0 s for 0 calls
t_copy_to_device             = 0 s for 0 calls
t_init                       = 0 s for 0 t_init
t_move_to_device             = 0 s for 0 calls
t_set_zeros                  = 0.130261 s for 2410 calls
t_set_eyes                   = 0.149213 s for 2403 calls
t_transpose                  = 0 s for 0 calls
t_init_from_transpose        = 0 s for 0 calls
t_max                        = 0 s for 0 calls
t_min                        = 0 s for 0 calls
t_abs                        = 0 s for 0 calls
t_norm                       = 0.000383328 s for 6 calls
t_trace                      = 0.0360566 s for 2400 calls
t_spectral_norm2             = 36.0419 s for 6000 calls
t_scalar_multiply            = 0.0255325 s for 3202 calls
t_operator_equal_from_device = 0.308299 s for 9811 calls
t_operator_equal_from_host   = 0.068793 s for 3001 calls
t_operator_plus_equal        = 0.0030673 s for 401 calls
t_operator_less_equal        = 0.0232766 s for 3003 calls
t_add_cuspmat                = 0 s for 0 calls
t_sub                        = 0 s for 0 calls
t_hadamard_product           = 0 s for 0 calls
t_display                    = 0 s for 0 calls
t_print_file                 = 0 s for 0 calls
t_gemm                       = 1.478 s for 22797 calls
t_gemv                       = 3.03462 s for 287510 calls
t_add_ext                    = 0 s for 0 calls
t_power_iteration            = 35.6883 s for 3597 calls
       t_power_iteration_operator_equal = 2.38634 s for 287510 calls
       t_power_iteration_normalize      = 14.1411 s for 287510 calls
       t_power_iteration_gemv           = 5.24191 s for 287510 calls
       t_power_iteration_dot            = 6.81925 s for 287510 calls


timers in faust_cu_spmat :
t_constructor_from_device   = 0.000975424 s for 18 calls
t_constructor_from_host     = 0 s for 0 calls
t_create                    = 0.000669728 s for 54 calls
t_clear                     = 0.000752864 s for 36 calls
t_copy_from_host            = 0 s for 0 calls
t_copy_from_device          = 0.000611328 s for 9 calls
t_copy_to_host              = 0 s for 0 calls
t_copy_to_device            = 0 s for 0 calls
t_move_to_device            = 0 s for 0 calls
t_init_from_cuspmat         = 0.000696032 s for 18 calls
t_init_from_spmat           = 0 s for 0 calls
t_init_from_cumat           = 0.00209002 s for 9 calls
t_init_from_mat             = 0 s for 0 calls
t_scalar_multiply           = 2.6848e-05 s for 3 calls
t_operator_plus_equal_real  = 0 s for 0 calls
t_transpose                 = 0 s for 0 calls
t_init_from_transpose       = 0 s for 0 calls
t_norm                      = 0 s for 0 calls
t_display                   = 0 s for 0 calls
t_print_file                = 0 s for 0 calls
t_csrmv                     = 0 s for 0 calls
t_csrmm                     = 0.000899008 s for 6 calls


total hierarchical fact = 39.2363
lambda=9401.5624586471858493
