[36mCompiling     [31mhierarchical_fact_test_cu.o[m
[36mCompiling     [31m../../matrix/matrix_cu/faust_cu_timer.o[m
[36mCompiling     [31m../../matrix/matrix_cu/faust_cuda.o[m
[36mCompiling     [31m../../matrix/matrix_cu/faust_timer.o[m
In file included from ../../matrix/matrix_cu/faust_timer.h:5:0,
                 from ../../matrix/matrix_cu/faust_timer.cpp:1:
../../matrix/matrix_cu/faust_constant.h:17:0: warning: "__COMPILE_TIMERS__" redefined
 #define __COMPILE_TIMERS__
 ^
<command-line>:0:0: note: this is the location of the previous definition
[36mCompiling     [31m../../matrix/matrix_cu/faust_cu_reduce.cuo[m
[36mCompiling     [31m../../matrix/matrix_cu/kernels.cuo[m
In file included from ../../matrix/matrix_cu/faust_cu_timer.h:5:0,
                 from ../../matrix/matrix_cu/faust_cu_timer.cpp:1:
../../matrix/matrix_cu/faust_constant.h:17:0: warning: "__COMPILE_TIMERS__" redefined
 #define __COMPILE_TIMERS__
 ^
<command-line>:0:0: note: this is the location of the previous definition
[36mCompiling     [31m../../palm4MSA/palm4MSA_cu/faust_constraint_generic.o[m
In file included from ../../matrix/matrix_cu/faust_cu_mat.h:5:0,
                 from hierarchical_fact_test_cu.cpp:1:
../../matrix/matrix_cu/faust_constant.h:17:0: warning: "__COMPILE_TIMERS__" redefined
 #define __COMPILE_TIMERS__
 ^
<command-line>:0:0: note: this is the location of the previous definition
[36mCompiling     [31m../../palm4MSA/palm4MSA_cu/faust_constraint_int.o[m
In file included from ../../palm4MSA/palm4MSA_cu/faust_constraint_generic.h:5:0,
                 from ../../palm4MSA/palm4MSA_cu/faust_constraint_generic.cpp:1:
../../matrix/matrix_cu/faust_constant.h:17:0: warning: "__COMPILE_TIMERS__" redefined
 #define __COMPILE_TIMERS__
 ^
<command-line>:0:0: note: this is the location of the previous definition
[36mCompiling     [31m../../init_from_matlab/faust_init_from_matio_params.o[m
In file included from ../../palm4MSA/palm4MSA_cu/faust_constraint_generic.h:5:0,
                 from ../../palm4MSA/palm4MSA_cu/faust_constraint_int.h:4,
                 from ../../palm4MSA/palm4MSA_cu/faust_constraint_int.cpp:1:
../../matrix/matrix_cu/faust_constant.h:17:0: warning: "__COMPILE_TIMERS__" redefined
 #define __COMPILE_TIMERS__
 ^
<command-line>:0:0: note: this is the location of the previous definition
[36mCompiling     [31m../../init_from_matlab/faust_init_from_matio.o[m
[36mCompiling     [31m../../init_from_matlab/faust_init_from_matio_core.o[m
[36mCompiling     [31m../../init_from_matlab/faust_init_from_matio_mat.o[m
[36mCompiling     [31m../../exception/faust_exception.o[m
In file included from ../../palm4MSA/palm4MSA_cu/faust_params.h:4:0,
                 from ../../init_from_matlab/faust_init_from_matio_params.h:7,
                 from ../../init_from_matlab/faust_init_from_matio_params.cpp:1:
../../matrix/matrix_cu/faust_constant.h:17:0: warning: "__COMPILE_TIMERS__" redefined
 #define __COMPILE_TIMERS__
 ^
<command-line>:0:0: note: this is the location of the previous definition
[36mCompiling     [31mMEG_fact_cu.o[m
a - ../../palm4MSA/palm4MSA_cu/faust_constraint_generic.o
a - ../../palm4MSA/palm4MSA_cu/faust_constraint_int.o
a - ../../init_from_matlab/faust_init_from_matio_params.o
a - ../../init_from_matlab/faust_init_from_matio.o
a - ../../init_from_matlab/faust_init_from_matio_core.o
a - ../../init_from_matlab/faust_init_from_matio_mat.o
a - ../../exception/faust_exception.o
In file included from ../../matrix/matrix_cu/faust_cu_mat.h:5:0,
                 from MEG_fact_cu.cpp:1:
../../matrix/matrix_cu/faust_constant.h:17:0: warning: "__COMPILE_TIMERS__" redefined
 #define __COMPILE_TIMERS__
 ^
<command-line>:0:0: note: this is the location of the previous definition
a - ../../matrix/matrix_cu/faust_cu_timer.o
a - ../../matrix/matrix_cu/faust_timer.o
a - ../../matrix/matrix_cu/faust_cuda.o
a - ../../matrix/matrix_cu/faust_cu_reduce.cuo
a - ../../matrix/matrix_cu/kernels.cuo
[36mLinking       [31mMEG_fact_cu.out[m
[36mLinking       [31mhierarchical_fact_test_cu.out[m
