floating point precision == double
NFACTS : 4
VERBOSE : 0
UPDATEWAY : 0
INIT_LAMBDA : 1
ISFACTSIDELEFT : 0
ISCONSTANTSTEPSIZE : 0
step_size : 1e-16
data :  nbRow 500 NbCol : 32
stop_crit_2facts : 200
stop_crit_global : 200
CONSTRAINT  : 3
  FACTORS : 
type_cont : INT CONSTRAINT_NAME_SPLIN nb_row :500 nb_col :32 parameter :5
type_cont : INT CONSTRAINT_NAME_SP nb_row :32 nb_col :32 parameter :96
type_cont : INT CONSTRAINT_NAME_SP nb_row :32 nb_col :32 parameter :96


  RESIDUUMS : 
type_cont : FAUST_REAL CONSTRAINT_NAME_NORMCOL nb_row :32 nb_col :32 parameter :1
type_cont : INT CONSTRAINT_NAME_SP nb_row :32 nb_col :32 parameter :666
type_cont : INT CONSTRAINT_NAME_SP nb_row :32 nb_col :32 parameter :333


hierarchical_fact_cu<T>::compute_facts : factorisation 1/3
timers in palm4MSA_cu : 
t_local_next_step           = 5.1078 s for 200 calls
t grad + updateL + updateR  = 0.190585 s for 400 calls of grad
t local_compute_c  = 4.59506 s for 400 calls of grad
t_local_compute_lambda      = 0.0792079 s for 200 calls
t_local_compute_projection  = 0.126626 s for 400 calls

t_local_compute_grad_over_c = 0.130192 s for 400 calls
t_local_update_R            = 0.0200342 s for 200 calls
t_local_update_L            = 0.0403587 s for 400 calls
t_check_                    = 0.00148291 s for 200 calls
t_local_init_fact           = 0 s for 0 calls
t_local_init_fact_from_palm = 0 s for 0 calls

timers in palm4MSA_cu : 
t_local_next_step           = 5.09298 s for 200 calls
t grad + updateL + updateR  = 0.219253 s for 400 calls of grad
t local_compute_c  = 4.54488 s for 400 calls of grad
t_local_compute_lambda      = 0.0796138 s for 200 calls
t_local_compute_projection  = 0.123592 s for 400 calls

t_local_compute_grad_over_c = 0.158002 s for 400 calls
t_local_update_R            = 0.0212132 s for 200 calls
t_local_update_L            = 0.0400383 s for 400 calls
t_check_                    = 0.00146678 s for 200 calls
t_local_init_fact           = 0 s for 0 calls
t_local_init_fact_from_palm = 0 s for 0 calls

hierarchical_fact_cu<T>::compute_facts : factorisation 2/3
timers in palm4MSA_cu : 
t_local_next_step           = 4.27296 s for 200 calls
t grad + updateL + updateR  = 0.145526 s for 400 calls of grad
t local_compute_c  = 3.97849 s for 400 calls of grad
t_local_compute_lambda      = 0.0455548 s for 200 calls
t_local_compute_projection  = 0.0477346 s for 400 calls

t_local_compute_grad_over_c = 0.0941612 s for 400 calls
t_local_update_R            = 0.0193461 s for 200 calls
t_local_update_L            = 0.032019 s for 400 calls
t_check_                    = 0.00143677 s for 200 calls
t_local_init_fact           = 0 s for 0 calls
t_local_init_fact_from_palm = 0 s for 0 calls

timers in palm4MSA_cu : 
t_local_next_step           = 9.53654 s for 200 calls
t grad + updateL + updateR  = 0.27702 s for 600 calls of grad
t local_compute_c  = 8.8901 s for 600 calls of grad
t_local_compute_lambda      = 0.0810291 s for 200 calls
t_local_compute_projection  = 0.161968 s for 600 calls

t_local_compute_grad_over_c = 0.185003 s for 600 calls
t_local_update_R            = 0.0247127 s for 200 calls
t_local_update_L            = 0.0673045 s for 600 calls
t_check_                    = 0.00149421 s for 200 calls
t_local_init_fact           = 0 s for 0 calls
t_local_init_fact_from_palm = 0 s for 0 calls

hierarchical_fact_cu<T>::compute_facts : factorisation 3/3
timers in palm4MSA_cu : 
t_local_next_step           = 3.61932 s for 200 calls
t grad + updateL + updateR  = 0.14632 s for 400 calls of grad
t local_compute_c  = 3.32755 s for 400 calls of grad
t_local_compute_lambda      = 0.0454404 s for 200 calls
t_local_compute_projection  = 0.0435695 s for 400 calls

t_local_compute_grad_over_c = 0.0938558 s for 400 calls
t_local_update_R            = 0.0202828 s for 200 calls
t_local_update_L            = 0.0321816 s for 400 calls
t_check_                    = 0.00149635 s for 200 calls
t_local_init_fact           = 0 s for 0 calls
t_local_init_fact_from_palm = 0 s for 0 calls

timers in palm4MSA_cu : 
t_local_next_step           = 12.7161 s for 200 calls
t grad + updateL + updateR  = 0.36468 s for 800 calls of grad
t local_compute_c  = 11.952 s for 800 calls of grad
t_local_compute_lambda      = 0.0804043 s for 200 calls
t_local_compute_projection  = 0.175781 s for 800 calls

t_local_compute_grad_over_c = 0.238589 s for 800 calls
t_local_update_R            = 0.0303202 s for 200 calls
t_local_update_L            = 0.0957704 s for 800 calls
t_check_                    = 0.00168973 s for 200 calls
t_local_init_fact           = 0 s for 0 calls
t_local_init_fact_from_palm = 0 s for 0 calls

timers in palm4MSA_cu : 
t_global_next_step           = 40.34 s for 1200 calls
t grad + updateL + updateR  = 1.30952 s for 3000 calls of grad
t_global_compute_c = 37.2741 s for 3000 calls
t_global_compute_lambda      = 0.405795 s for 1200 calls
t_global_compute_projection  = 0.665043 s for 3000 calls

timers in hierarchical_fact_cu :
t_init      = 0.000331884 s for 1 calls
t_next_step = 40.364 s for 3 calls

timers in faust_cu_mat :
t_constructor_from_device    = 0.0907671 s for 2233 calls
t_constructor_from_host      = 0 s for 0 calls
t_constructor_from_size      = 9.024e-06 s for 1 calls
t_create                     = 0.327275 s for 35662 calls
t_clear                      = 0.297319 s for 35662 calls
t_copy_from_host             = 0.0425944 s for 3001 calls
t_copy_from_device           = 0.311398 s for 12022 calls
t_copy_to_host               = 0 s for 0 calls
t_copy_to_device             = 0 s for 0 calls
t_init                       = 0 s for 0 t_init
t_move_to_device             = 0 s for 0 calls
t_set_zeros                  = 0.13155 s for 2410 calls
t_set_eyes                   = 0.150568 s for 2403 calls
t_transpose                  = 0 s for 0 calls
t_init_from_transpose        = 0 s for 0 calls
t_max                        = 0 s for 0 calls
t_min                        = 0 s for 0 calls
t_abs                        = 0 s for 0 calls
t_norm                       = 0.000385344 s for 6 calls
t_trace                      = 0.0367394 s for 2400 calls
t_spectral_norm2             = 37.1413 s for 6000 calls
t_scalar_multiply            = 0.026032 s for 3202 calls
t_operator_equal_from_device = 0.316375 s for 9811 calls
t_operator_equal_from_host   = 0.0674644 s for 3001 calls
t_operator_plus_equal        = 0.00312477 s for 401 calls
t_operator_less_equal        = 0.0235163 s for 3003 calls
t_add_cuspmat                = 0 s for 0 calls
t_sub                        = 0 s for 0 calls
t_hadamard_product           = 0 s for 0 calls
t_display                    = 0 s for 0 calls
t_print_file                 = 0 s for 0 calls
t_gemm                       = 1.49759 s for 22797 calls
t_gemv                       = 3.08051 s for 287510 calls
t_add_ext                    = 0 s for 0 calls
t_power_iteration            = 36.7875 s for 3597 calls
       t_power_iteration_operator_equal = 2.42785 s for 287510 calls
       t_power_iteration_normalize      = 14.7441 s for 287510 calls
       t_power_iteration_gemv           = 5.33405 s for 287510 calls
       t_power_iteration_dot            = 6.97407 s for 287510 calls


timers in faust_cu_spmat :
t_constructor_from_device   = 0.00100192 s for 18 calls
t_constructor_from_host     = 0 s for 0 calls
t_create                    = 0.000704768 s for 54 calls
t_clear                     = 0.00076096 s for 36 calls
t_copy_from_host            = 0 s for 0 calls
t_copy_from_device          = 0.000637088 s for 9 calls
t_copy_to_host              = 0 s for 0 calls
t_copy_to_device            = 0 s for 0 calls
t_move_to_device            = 0 s for 0 calls
t_init_from_cuspmat         = 0.00072 s for 18 calls
t_init_from_spmat           = 0 s for 0 calls
t_init_from_cumat           = 0.00213261 s for 9 calls
t_init_from_mat             = 0 s for 0 calls
t_scalar_multiply           = 2.624e-05 s for 3 calls
t_operator_plus_equal_real  = 0 s for 0 calls
t_transpose                 = 0 s for 0 calls
t_init_from_transpose       = 0 s for 0 calls
t_norm                      = 0 s for 0 calls
t_display                   = 0 s for 0 calls
t_print_file                = 0 s for 0 calls
t_csrmv                     = 0 s for 0 calls
t_csrmm                     = 0.000895712 s for 6 calls


total hierarchical fact = 40.3644
lambda=9401.5624586471858493
