data_filename : /home/aleman/WORK/FAUST/faust/trunk/devcpp/test/data/hier_fact_data.txt
data
data : nbRow 500 nbCol 32
nb_fact : 4
VERBOSE : 0
UPDATEWAY : 0
INIT_LAMBDA : 1
ISFACTSIDELEFT : 0
niter1 : 200
niter2 : 200
splin 500 32 5
sp 32 32 96
sp 32 32 96
normcol 32 32 1
sp 32 32 666
sp 32 32 333
NFACTS : 4
VERBOSE : 0
UPDATEWAY : 0
INIT_LAMBDA : 1
ISFACTSIDELEFT : 0
ISCONSTANTSTEPSIZE : 0
step_size : 1e-16
data :  nbRow 500 NbCol : 32
stop_crit_2facts : 200
stop_crit_global : 200
CONSTRAINT  : 3
  FACTORS : 
type_cont : INT CONSTRAINT_NAME_SPLIN nb_row :500 nb_col :32 parameter :5
type_cont : INT CONSTRAINT_NAME_SP nb_row :32 nb_col :32 parameter :96
type_cont : INT CONSTRAINT_NAME_SP nb_row :32 nb_col :32 parameter :96


  RESIDUUMS : 
type_cont : FAUST_REAL CONSTRAINT_NAME_NORMCOL nb_row :32 nb_col :32 parameter :1
type_cont : INT CONSTRAINT_NAME_SP nb_row :32 nb_col :32 parameter :666
type_cont : INT CONSTRAINT_NAME_SP nb_row :32 nb_col :32 parameter :333


hierarchical_fact<T>::compute_facts : factorization 1/3
hierarchical_fact<T>::compute_facts : factorization 2/3
hierarchical_fact<T>::compute_facts : factorization 3/3
total hierarchical fact = 1.07951
lambda=9401.5624586471585644
