floating point precision == double
NFACTS : 4
VERBOSE : 0
UPDATEWAY : 0
INIT_LAMBDA : 1
ISFACTSIDELEFT : 0
ISCONSTANTSTEPSIZE : 0
step_size : 1e-16
data :  nbRow 500 NbCol : 32
stop_crit_2facts : 200
stop_crit_global : 200
CONSTRAINT  : 3
  FACTORS : 
type_cont : INT CONSTRAINT_NAME_SPLIN nb_row :500 nb_col :32 parameter :5
type_cont : INT CONSTRAINT_NAME_SP nb_row :32 nb_col :32 parameter :96
type_cont : INT CONSTRAINT_NAME_SP nb_row :32 nb_col :32 parameter :96


  RESIDUUMS : 
type_cont : FAUST_REAL CONSTRAINT_NAME_NORMCOL nb_row :32 nb_col :32 parameter :1
type_cont : INT CONSTRAINT_NAME_SP nb_row :32 nb_col :32 parameter :666
type_cont : INT CONSTRAINT_NAME_SP nb_row :32 nb_col :32 parameter :333


hierarchical_fact_cu<T>::compute_facts : factorisation 1/3
timers in palm4MSA_cu : 
t_local_next_step           = 4.07872 s for 200 calls
t grad + updateL + updateR  = 0.236017 s for 400 calls of grad
t local_compute_c  = 3.55304 s for 400 calls of grad
t_local_compute_lambda      = 0.0972613 s for 200 calls
t_local_compute_projection  = 0.110214 s for 400 calls

t_local_compute_grad_over_c = 0.171136 s for 400 calls
t_local_update_R            = 0.0175668 s for 200 calls
t_local_update_L            = 0.0473137 s for 400 calls
t_check_                    = 0.00142227 s for 200 calls
t_local_init_fact           = 0 s for 0 calls
t_local_init_fact_from_palm = 0 s for 0 calls

timers in palm4MSA_cu : 
t_local_next_step           = 4.03375 s for 200 calls
t grad + updateL + updateR  = 0.253946 s for 400 calls of grad
t local_compute_c  = 3.47966 s for 400 calls of grad
t_local_compute_lambda      = 0.0982338 s for 200 calls
t_local_compute_projection  = 0.109027 s for 400 calls

t_local_compute_grad_over_c = 0.187537 s for 400 calls
t_local_update_R            = 0.0186328 s for 200 calls
t_local_update_L            = 0.0477759 s for 400 calls
t_check_                    = 0.00141002 s for 200 calls
t_local_init_fact           = 0 s for 0 calls
t_local_init_fact_from_palm = 0 s for 0 calls

hierarchical_fact_cu<T>::compute_facts : factorisation 2/3
timers in palm4MSA_cu : 
t_local_next_step           = 3.30259 s for 200 calls
t grad + updateL + updateR  = 0.125646 s for 400 calls of grad
t local_compute_c  = 3.05179 s for 400 calls of grad
t_local_compute_lambda      = 0.0354404 s for 200 calls
t_local_compute_projection  = 0.0392872 s for 400 calls

t_local_compute_grad_over_c = 0.080373 s for 400 calls
t_local_update_R            = 0.0173973 s for 200 calls
t_local_update_L            = 0.0278754 s for 400 calls
t_check_                    = 0.00142912 s for 200 calls
t_local_init_fact           = 0 s for 0 calls
t_local_init_fact_from_palm = 0 s for 0 calls

timers in palm4MSA_cu : 
t_local_next_step           = 7.99283 s for 200 calls
t grad + updateL + updateR  = 0.374037 s for 600 calls of grad
t local_compute_c  = 7.25888 s for 600 calls of grad
t_local_compute_lambda      = 0.104952 s for 200 calls
t_local_compute_projection  = 0.146169 s for 600 calls

t_local_compute_grad_over_c = 0.262393 s for 600 calls
t_local_update_R            = 0.0263253 s for 200 calls
t_local_update_L            = 0.0853188 s for 600 calls
t_check_                    = 0.0015367 s for 200 calls
t_local_init_fact           = 0 s for 0 calls
t_local_init_fact_from_palm = 0 s for 0 calls

hierarchical_fact_cu<T>::compute_facts : factorisation 3/3
timers in palm4MSA_cu : 
t_local_next_step           = 2.72054 s for 200 calls
t grad + updateL + updateR  = 0.124282 s for 400 calls of grad
t local_compute_c  = 2.47543 s for 400 calls of grad
t_local_compute_lambda      = 0.0349764 s for 200 calls
t_local_compute_projection  = 0.0360738 s for 400 calls

t_local_compute_grad_over_c = 0.0789487 s for 400 calls
t_local_update_R            = 0.0172943 s for 200 calls
t_local_update_L            = 0.0280395 s for 400 calls
t_check_                    = 0.00140435 s for 200 calls
t_local_init_fact           = 0 s for 0 calls
t_local_init_fact_from_palm = 0 s for 0 calls

timers in palm4MSA_cu : 
t_local_next_step           = 10.074 s for 200 calls
t grad + updateL + updateR  = 0.482701 s for 800 calls of grad
t local_compute_c  = 9.22091 s for 800 calls of grad
t_local_compute_lambda      = 0.102306 s for 200 calls
t_local_compute_projection  = 0.154082 s for 800 calls

t_local_compute_grad_over_c = 0.339871 s for 800 calls
t_local_update_R            = 0.0265552 s for 200 calls
t_local_update_L            = 0.116275 s for 800 calls
t_check_                    = 0.0014473 s for 200 calls
t_local_init_fact           = 0 s for 0 calls
t_local_init_fact_from_palm = 0 s for 0 calls

timers in palm4MSA_cu : 
t_global_next_step           = 32.1968 s for 1200 calls
t grad + updateL + updateR  = 1.56386 s for 3000 calls of grad
t_global_compute_c = 29.0263 s for 3000 calls
t_global_compute_lambda      = 0.467524 s for 1200 calls
t_global_compute_projection  = 0.581443 s for 3000 calls

timers in hierarchical_fact_cu :
t_init      = 0.000107636 s for 1 calls
t_next_step = 32.2177 s for 3 calls

timers in faust_cu_mat :
t_constructor_from_device    = 0.0950802 s for 2233 calls
t_constructor_from_host      = 0 s for 0 calls
t_constructor_from_size      = 2.4e-06 s for 1 calls
t_create                     = 0.231236 s for 35662 calls
t_clear                      = 0.239475 s for 35662 calls
t_copy_from_host             = 0.0429371 s for 3001 calls
t_copy_from_device           = 0.321508 s for 12022 calls
t_copy_to_host               = 0 s for 0 calls
t_copy_to_device             = 0 s for 0 calls
t_init                       = 0 s for 0 t_init
t_move_to_device             = 0 s for 0 calls
t_set_zeros                  = 0.101819 s for 2410 calls
t_set_eyes                   = 0.118837 s for 2403 calls
t_transpose                  = 0 s for 0 calls
t_init_from_transpose        = 0 s for 0 calls
t_max                        = 0 s for 0 calls
t_min                        = 0 s for 0 calls
t_abs                        = 0 s for 0 calls
t_norm                       = 0.000278464 s for 6 calls
t_trace                      = 0.0375196 s for 2400 calls
t_spectral_norm2             = 28.9057 s for 6000 calls
t_scalar_multiply            = 0.0264438 s for 3202 calls
t_operator_equal_from_device = 0.321273 s for 9811 calls
t_operator_equal_from_host   = 0.0655542 s for 3001 calls
t_operator_plus_equal        = 0.00229613 s for 401 calls
t_operator_less_equal        = 0.0307754 s for 3003 calls
t_add_cuspmat                = 0 s for 0 calls
t_sub                        = 0 s for 0 calls
t_hadamard_product           = 0 s for 0 calls
t_display                    = 0 s for 0 calls
t_print_file                 = 0 s for 0 calls
t_gemm                       = 1.89972 s for 22797 calls
t_gemv                       = 2.94657 s for 287510 calls
t_add_ext                    = 0 s for 0 calls
t_power_iteration            = 28.5136 s for 3597 calls
       t_power_iteration_operator_equal = 1.68828 s for 287510 calls
       t_power_iteration_normalize      = 9.16246 s for 287510 calls
       t_power_iteration_gemv           = 5.12726 s for 287510 calls
       t_power_iteration_dot            = 5.53646 s for 287510 calls


timers in faust_cu_spmat :
t_constructor_from_device   = 0.000850592 s for 18 calls
t_constructor_from_host     = 0 s for 0 calls
t_create                    = 0.000788864 s for 54 calls
t_clear                     = 0.00075232 s for 36 calls
t_copy_from_host            = 0 s for 0 calls
t_copy_from_device          = 0.000475296 s for 9 calls
t_copy_to_host              = 0 s for 0 calls
t_copy_to_device            = 0 s for 0 calls
t_move_to_device            = 0 s for 0 calls
t_init_from_cuspmat         = 0.000560992 s for 18 calls
t_init_from_spmat           = 0 s for 0 calls
t_init_from_cumat           = 0.00205987 s for 9 calls
t_init_from_mat             = 0 s for 0 calls
t_scalar_multiply           = 2.2336e-05 s for 3 calls
t_operator_plus_equal_real  = 0 s for 0 calls
t_transpose                 = 0 s for 0 calls
t_init_from_transpose       = 0 s for 0 calls
t_norm                      = 0 s for 0 calls
t_display                   = 0 s for 0 calls
t_print_file                = 0 s for 0 calls
t_csrmv                     = 0 s for 0 calls
t_csrmm                     = 0.000855456 s for 6 calls


total hierarchical fact = 32.2178
lambda=9401.5624586471858493
