floating point precision == float
NFACTS : 4
VERBOSE : 0
UPDATEWAY : 0
INIT_LAMBDA : 1
ISFACTSIDELEFT : 0
ISCONSTANTSTEPSIZE : 0
step_size : 1e-16
data :  nbRow 500 NbCol : 32
stop_crit_2facts : 200
stop_crit_global : 200
CONSTRAINT  : 3
  FACTORS : 
type_cont : INT CONSTRAINT_NAME_SPLIN nb_row :500 nb_col :32 parameter :5
type_cont : INT CONSTRAINT_NAME_SP nb_row :32 nb_col :32 parameter :96
type_cont : INT CONSTRAINT_NAME_SP nb_row :32 nb_col :32 parameter :96


  RESIDUUMS : 
type_cont : FAUST_REAL CONSTRAINT_NAME_NORMCOL nb_row :32 nb_col :32 parameter :1
type_cont : INT CONSTRAINT_NAME_SP nb_row :32 nb_col :32 parameter :666
type_cont : INT CONSTRAINT_NAME_SP nb_row :32 nb_col :32 parameter :333


hierarchical_fact_cu<T>::compute_facts : factorisation 1/3
timers in palm4MSA_cu : 
t_local_next_step           = 2.62652 s for 200 calls
t grad + updateL + updateR  = 0.178029 s for 400 calls of grad
t local_compute_c  = 2.21575 s for 400 calls of grad
t_local_compute_lambda      = 0.0526603 s for 200 calls
t_local_compute_projection  = 0.0976067 s for 400 calls

t_local_compute_grad_over_c = 0.12063 s for 400 calls
t_local_update_R            = 0.01769 s for 200 calls
t_local_update_L            = 0.0397091 s for 400 calls
t_check_                    = 0.00142688 s for 200 calls
t_local_init_fact           = 0 s for 0 calls
t_local_init_fact_from_palm = 0 s for 0 calls

timers in palm4MSA_cu : 
t_local_next_step           = 1.85219 s for 200 calls
t grad + updateL + updateR  = 0.179204 s for 400 calls of grad
t local_compute_c  = 1.44126 s for 400 calls of grad
t_local_compute_lambda      = 0.0537311 s for 200 calls
t_local_compute_projection  = 0.0949746 s for 400 calls

t_local_compute_grad_over_c = 0.121265 s for 400 calls
t_local_update_R            = 0.0185351 s for 200 calls
t_local_update_L            = 0.0394036 s for 400 calls
t_check_                    = 0.00140842 s for 200 calls
t_local_init_fact           = 0 s for 0 calls
t_local_init_fact_from_palm = 0 s for 0 calls

hierarchical_fact_cu<T>::compute_facts : factorisation 2/3
timers in palm4MSA_cu : 
t_local_next_step           = 1.73947 s for 200 calls
t grad + updateL + updateR  = 0.123085 s for 400 calls of grad
t local_compute_c  = 1.49359 s for 400 calls of grad
t_local_compute_lambda      = 0.0350006 s for 200 calls
t_local_compute_projection  = 0.0371799 s for 400 calls

t_local_compute_grad_over_c = 0.0786066 s for 400 calls
t_local_update_R            = 0.0172495 s for 200 calls
t_local_update_L            = 0.0272292 s for 400 calls
t_check_                    = 0.00140534 s for 200 calls
t_local_init_fact           = 0 s for 0 calls
t_local_init_fact_from_palm = 0 s for 0 calls

timers in palm4MSA_cu : 
t_local_next_step           = 3.56929 s for 200 calls
t grad + updateL + updateR  = 0.252189 s for 600 calls of grad
t local_compute_c  = 3.04735 s for 600 calls of grad
t_local_compute_lambda      = 0.0527849 s for 200 calls
t_local_compute_projection  = 0.121017 s for 600 calls

t_local_compute_grad_over_c = 0.163887 s for 600 calls
t_local_update_R            = 0.0209201 s for 200 calls
t_local_update_L            = 0.0673818 s for 600 calls
t_check_                    = 0.00141875 s for 200 calls
t_local_init_fact           = 0 s for 0 calls
t_local_init_fact_from_palm = 0 s for 0 calls

hierarchical_fact_cu<T>::compute_facts : factorisation 3/3
timers in palm4MSA_cu : 
t_local_next_step           = 1.4898 s for 200 calls
t grad + updateL + updateR  = 0.121428 s for 400 calls of grad
t local_compute_c  = 1.24632 s for 400 calls of grad
t_local_compute_lambda      = 0.0345853 s for 200 calls
t_local_compute_projection  = 0.0341213 s for 400 calls

t_local_compute_grad_over_c = 0.0766671 s for 400 calls
t_local_update_R            = 0.0173713 s for 200 calls
t_local_update_L            = 0.0273901 s for 400 calls
t_check_                    = 0.00230377 s for 200 calls
t_local_init_fact           = 0 s for 0 calls
t_local_init_fact_from_palm = 0 s for 0 calls

timers in palm4MSA_cu : 
t_local_next_step           = 5.96221 s for 200 calls
t grad + updateL + updateR  = 0.331227 s for 800 calls of grad
t local_compute_c  = 5.33055 s for 800 calls of grad
t_local_compute_lambda      = 0.0537299 s for 200 calls
t_local_compute_projection  = 0.134997 s for 800 calls

t_local_compute_grad_over_c = 0.210666 s for 800 calls
t_local_update_R            = 0.0251687 s for 200 calls
t_local_update_L            = 0.0953917 s for 800 calls
t_check_                    = 0.00143171 s for 200 calls
t_local_init_fact           = 0 s for 0 calls
t_local_init_fact_from_palm = 0 s for 0 calls

timers in palm4MSA_cu : 
t_global_next_step           = 17.2331 s for 1200 calls
t grad + updateL + updateR  = 1.153 s for 3000 calls of grad
t_global_compute_c = 14.7616 s for 3000 calls
t_global_compute_lambda      = 0.276925 s for 1200 calls
t_global_compute_projection  = 0.506776 s for 3000 calls

timers in hierarchical_fact_cu :
t_init      = 0.000262806 s for 1 calls
t_next_step = 17.2554 s for 3 calls

timers in faust_cu_mat :
t_constructor_from_device    = 0.0836972 s for 2233 calls
t_constructor_from_host      = 0 s for 0 calls
t_constructor_from_size      = 2.432e-06 s for 1 calls
t_create                     = 0.204062 s for 35662 calls
t_clear                      = 0.217537 s for 35662 calls
t_copy_from_host             = 0.0293943 s for 3001 calls
t_copy_from_device           = 0.257958 s for 12022 calls
t_copy_to_host               = 0 s for 0 calls
t_copy_to_device             = 0 s for 0 calls
t_init                       = 0 s for 0 t_init
t_move_to_device             = 0 s for 0 calls
t_set_zeros                  = 0.0947948 s for 2410 calls
t_set_eyes                   = 0.111545 s for 2403 calls
t_transpose                  = 0 s for 0 calls
t_init_from_transpose        = 0 s for 0 calls
t_max                        = 0 s for 0 calls
t_min                        = 0 s for 0 calls
t_abs                        = 0 s for 0 calls
t_norm                       = 0.000286624 s for 6 calls
t_trace                      = 0.0355458 s for 2400 calls
t_spectral_norm2             = 14.6438 s for 6000 calls
t_scalar_multiply            = 0.0217458 s for 3202 calls
t_operator_equal_from_device = 0.263234 s for 9811 calls
t_operator_equal_from_host   = 0.0513696 s for 3001 calls
t_operator_plus_equal        = 0.00218627 s for 401 calls
t_operator_less_equal        = 0.0226607 s for 3003 calls
t_add_cuspmat                = 0 s for 0 calls
t_sub                        = 0 s for 0 calls
t_hadamard_product           = 0 s for 0 calls
t_display                    = 0 s for 0 calls
t_print_file                 = 0 s for 0 calls
t_gemm                       = 1.19882 s for 22797 calls
t_gemv                       = 1.36639 s for 149349 calls
t_add_ext                    = 0 s for 0 calls
t_power_iteration            = 14.389 s for 3597 calls
       t_power_iteration_operator_equal = 0.901984 s for 149349 calls
       t_power_iteration_normalize      = 4.66663 s for 149349 calls
       t_power_iteration_gemv           = 2.4529 s for 149349 calls
       t_power_iteration_dot            = 2.80679 s for 149349 calls


timers in faust_cu_spmat :
t_constructor_from_device   = 0.000984416 s for 18 calls
t_constructor_from_host     = 0 s for 0 calls
t_create                    = 0.00062192 s for 54 calls
t_clear                     = 0.00048736 s for 36 calls
t_copy_from_host            = 0 s for 0 calls
t_copy_from_device          = 0.000564864 s for 9 calls
t_copy_to_host              = 0 s for 0 calls
t_copy_to_device            = 0 s for 0 calls
t_move_to_device            = 0 s for 0 calls
t_init_from_cuspmat         = 0.000652736 s for 18 calls
t_init_from_spmat           = 0 s for 0 calls
t_init_from_cumat           = 0.00176368 s for 9 calls
t_init_from_mat             = 0 s for 0 calls
t_scalar_multiply           = 2.3296e-05 s for 3 calls
t_operator_plus_equal_real  = 0 s for 0 calls
t_transpose                 = 0 s for 0 calls
t_init_from_transpose       = 0 s for 0 calls
t_norm                      = 0 s for 0 calls
t_display                   = 0 s for 0 calls
t_print_file                = 0 s for 0 calls
t_csrmv                     = 0 s for 0 calls
t_csrmm                     = 0.000899008 s for 6 calls


total hierarchical fact = 17.2557
lambda=9401.57421875
