data_filename : /home/aleman/WORK/FAUST/faust/trunk/devcpp/test/data/hier_fact_data.txt
data
data : nbRow 500 nbCol 32
nb_fact : 4
VERBOSE : 0
UPDATEWAY : 0
INIT_LAMBDA : 1
ISFACTSIDELEFT : 0
niter1 : 200
niter2 : 200
splin 500 32 5
sp 32 32 96
sp 32 32 96
normcol 32 32 1
sp 32 32 666
sp 32 32 333
NFACTS : 4
VERBOSE : 0
UPDATEWAY : 0
INIT_LAMBDA : 1
ISFACTSIDELEFT : 0
ISCONSTANTSTEPSIZE : 0
step_size : 1e-16
data :  nbRow 500 NbCol : 32
stop_crit_2facts : 200
stop_crit_global : 200
CONSTRAINT  : 3
  FACTORS : 
type_cont : INT CONSTRAINT_NAME_SPLIN nb_row :500 nb_col :32 parameter :5
type_cont : INT CONSTRAINT_NAME_SP nb_row :32 nb_col :32 parameter :96
type_cont : INT CONSTRAINT_NAME_SP nb_row :32 nb_col :32 parameter :96


  RESIDUUMS : 
type_cont : FAUST_REAL CONSTRAINT_NAME_NORMCOL nb_row :32 nb_col :32 parameter :1
type_cont : INT CONSTRAINT_NAME_SP nb_row :32 nb_col :32 parameter :666
type_cont : INT CONSTRAINT_NAME_SP nb_row :32 nb_col :32 parameter :333


hierarchical_fact<T>::compute_facts : factorization 1/3
timers in palm4MSA : 
t_local_next_step           = 0.263424 s for 200 calls
t grad + updateL + updateR  = 0.0780467 s for 400 calls of grad
t local_compute_c  = 0.0376149 s for 400 calls of grad
t_local_compute_lambda      = 0.0167938 s for 200 calls
t_local_compute_projection  = 0.10455 s for 400 calls

t_local_compute_grad_over_c = 0.061084 s for 400 calls
t_local_update_R            = 0.00128919 s for 200 calls
t_local_update_L            = 0.0156735 s for 400 calls
t_check_                    = 0.000238503 s for 200 calls
t_local_init_fact           = 0 s for 0 calls
t_local_init_fact_from_palm = 0 s for 0 calls

timers in palm4MSA : 
t_local_next_step           = 0.213747 s for 200 calls
t grad + updateL + updateR  = 0.0545851 s for 400 calls of grad
t local_compute_c  = 0.0297469 s for 400 calls of grad
t_local_compute_lambda      = 0.0138074 s for 200 calls
t_local_compute_projection  = 0.0927755 s for 400 calls

t_local_compute_grad_over_c = 0.0406279 s for 400 calls
t_local_update_R            = 0.00123192 s for 200 calls
t_local_update_L            = 0.0127252 s for 400 calls
t_check_                    = 0.000248638 s for 200 calls
t_local_init_fact           = 0 s for 0 calls
t_local_init_fact_from_palm = 0 s for 0 calls

hierarchical_fact<T>::compute_facts : factorization 2/3
timers in palm4MSA : 
t_local_next_step           = 0.0692697 s for 200 calls
t grad + updateL + updateR  = 0.0152649 s for 400 calls of grad
t local_compute_c  = 0.0193956 s for 400 calls of grad
t_local_compute_lambda      = 0.00301533 s for 200 calls
t_local_compute_projection  = 0.0246494 s for 400 calls

t_local_compute_grad_over_c = 0.0113014 s for 400 calls
t_local_update_R            = 0.001141 s for 200 calls
t_local_update_L            = 0.0028225 s for 400 calls
t_check_                    = 0.000236401 s for 200 calls
t_local_init_fact           = 0 s for 0 calls
t_local_init_fact_from_palm = 0 s for 0 calls

timers in palm4MSA : 
t_local_next_step           = 0.296702 s for 200 calls
t grad + updateL + updateR  = 0.0885839 s for 600 calls of grad
t local_compute_c  = 0.055559 s for 600 calls of grad
t_local_compute_lambda      = 0.0123807 s for 200 calls
t_local_compute_projection  = 0.115997 s for 600 calls

t_local_compute_grad_over_c = 0.0622629 s for 600 calls
t_local_update_R            = 0.00351335 s for 200 calls
t_local_update_L            = 0.0228076 s for 600 calls
t_check_                    = 0.000236196 s for 200 calls
t_local_init_fact           = 0 s for 0 calls
t_local_init_fact_from_palm = 0 s for 0 calls

hierarchical_fact<T>::compute_facts : factorization 3/3
timers in palm4MSA : 
t_local_next_step           = 0.062441 s for 200 calls
t grad + updateL + updateR  = 0.0157442 s for 400 calls of grad
t local_compute_c  = 0.0175902 s for 400 calls of grad
t_local_compute_lambda      = 0.0030325 s for 200 calls
t_local_compute_projection  = 0.0201792 s for 400 calls

t_local_compute_grad_over_c = 0.0117734 s for 400 calls
t_local_update_R            = 0.00113939 s for 200 calls
t_local_update_L            = 0.00283143 s for 400 calls
t_check_                    = 0.000236827 s for 200 calls
t_local_init_fact           = 0 s for 0 calls
t_local_init_fact_from_palm = 0 s for 0 calls

timers in palm4MSA : 
t_local_next_step           = 0.349636 s for 200 calls
t grad + updateL + updateR  = 0.117915 s for 800 calls of grad
t local_compute_c  = 0.0738242 s for 800 calls of grad
t_local_compute_lambda      = 0.01219 s for 200 calls
t_local_compute_projection  = 0.119201 s for 800 calls

t_local_compute_grad_over_c = 0.0800187 s for 800 calls
t_local_update_R            = 0.00568701 s for 200 calls
t_local_update_L            = 0.032209 s for 800 calls
t_check_                    = 0.000235081 s for 200 calls
t_local_init_fact           = 0 s for 0 calls
t_local_init_fact_from_palm = 0 s for 0 calls

timers in palm4MSA : 
t_global_next_step           = 1.25521 s for 1200 calls
t grad + updateL + updateR  = 0.37046 s for 3000 calls of grad
t_global_compute_c = 0.233637 s for 3000 calls
t_global_compute_lambda      = 0.0612062 s for 1200 calls
t_global_compute_projection  = 0.477342 s for 3000 calls

timers in hierarchical_fact :
t_init      = 1.4946e-05 s for 1 calls
t_next_step = 1.26162 s for 3 calls

total hierarchical fact = 1.26179
lambda=9401.5624586471585644
