data_filename : /home/aleman/WORK/FAUST/faust/trunk/devcpp/test/data/hier_fact_data.txt
data
data : nbRow 500 nbCol 32
nb_fact : 4
VERBOSE : 0
UPDATEWAY : 0
INIT_LAMBDA : 1
ISFACTSIDELEFT : 0
niter1 : 200
niter2 : 200
splin 500 32 5
sp 32 32 96
sp 32 32 96
normcol 32 32 1
sp 32 32 666
sp 32 32 333
NFACTS : 4
VERBOSE : 0
UPDATEWAY : 0
INIT_LAMBDA : 1
ISFACTSIDELEFT : 0
ISCONSTANTSTEPSIZE : 0
step_size : 1e-16
data :  nbRow 500 NbCol : 32
stop_crit_2facts : 200
stop_crit_global : 200
CONSTRAINT  : 3
  FACTORS : 
type_cont : INT CONSTRAINT_NAME_SPLIN nb_row :500 nb_col :32 parameter :5
type_cont : INT CONSTRAINT_NAME_SP nb_row :32 nb_col :32 parameter :96
type_cont : INT CONSTRAINT_NAME_SP nb_row :32 nb_col :32 parameter :96


  RESIDUUMS : 
type_cont : FAUST_REAL CONSTRAINT_NAME_NORMCOL nb_row :32 nb_col :32 parameter :1
type_cont : INT CONSTRAINT_NAME_SP nb_row :32 nb_col :32 parameter :666
type_cont : INT CONSTRAINT_NAME_SP nb_row :32 nb_col :32 parameter :333


hierarchical_fact<T>::compute_facts : factorization 1/3
timers in palm4MSA : 
t_local_next_step           = 0.191614 s for 200 calls
t grad + updateL + updateR  = 0.0366486 s for 400 calls of grad
t local_compute_c  = 0.0332084 s for 400 calls of grad
t_local_compute_lambda      = 0.00966467 s for 200 calls
t_local_compute_projection  = 0.0951539 s for 400 calls

t_local_compute_grad_over_c = 0.0282744 s for 400 calls
t_local_update_R            = 0.00113142 s for 200 calls
t_local_update_L            = 0.00724279 s for 400 calls
t_check_                    = 0.00024012 s for 200 calls
t_local_init_fact           = 0 s for 0 calls
t_local_init_fact_from_palm = 0 s for 0 calls

timers in palm4MSA : 
t_local_next_step           = 0.155798 s for 200 calls
t grad + updateL + updateR  = 0.0323763 s for 400 calls of grad
t local_compute_c  = 0.0143604 s for 400 calls of grad
t_local_compute_lambda      = 0.00874131 s for 200 calls
t_local_compute_projection  = 0.0857354 s for 400 calls

t_local_compute_grad_over_c = 0.0245682 s for 400 calls
t_local_update_R            = 0.00109873 s for 200 calls
t_local_update_L            = 0.00670942 s for 400 calls
t_check_                    = 0.000235361 s for 200 calls
t_local_init_fact           = 0 s for 0 calls
t_local_init_fact_from_palm = 0 s for 0 calls

hierarchical_fact<T>::compute_facts : factorization 2/3
timers in palm4MSA : 
t_local_next_step           = 0.0574722 s for 200 calls
t grad + updateL + updateR  = 0.0123069 s for 400 calls of grad
t local_compute_c  = 0.0135187 s for 400 calls of grad
t_local_compute_lambda      = 0.0024635 s for 200 calls
t_local_compute_projection  = 0.0233289 s for 400 calls

t_local_compute_grad_over_c = 0.00889077 s for 400 calls
t_local_update_R            = 0.00104189 s for 200 calls
t_local_update_L            = 0.00237424 s for 400 calls
t_check_                    = 0.000236621 s for 200 calls
t_local_init_fact           = 0 s for 0 calls
t_local_init_fact_from_palm = 0 s for 0 calls

timers in palm4MSA : 
t_local_next_step           = 0.217713 s for 200 calls
t grad + updateL + updateR  = 0.0540603 s for 600 calls of grad
t local_compute_c  = 0.0284798 s for 600 calls of grad
t_local_compute_lambda      = 0.00979234 s for 200 calls
t_local_compute_projection  = 0.109272 s for 600 calls

t_local_compute_grad_over_c = 0.0382902 s for 600 calls
t_local_update_R            = 0.00259431 s for 200 calls
t_local_update_L            = 0.0131758 s for 600 calls
t_check_                    = 0.000236062 s for 200 calls
t_local_init_fact           = 0 s for 0 calls
t_local_init_fact_from_palm = 0 s for 0 calls

hierarchical_fact<T>::compute_facts : factorization 3/3
timers in palm4MSA : 
t_local_next_step           = 0.0502909 s for 200 calls
t grad + updateL + updateR  = 0.0122397 s for 400 calls of grad
t local_compute_c  = 0.00933579 s for 400 calls of grad
t_local_compute_lambda      = 0.00250828 s for 200 calls
t_local_compute_projection  = 0.0203644 s for 400 calls

t_local_compute_grad_over_c = 0.00886961 s for 400 calls
t_local_update_R            = 0.00102045 s for 200 calls
t_local_update_L            = 0.0023496 s for 400 calls
t_check_                    = 0.000235632 s for 200 calls
t_local_init_fact           = 0 s for 0 calls
t_local_init_fact_from_palm = 0 s for 0 calls

timers in palm4MSA : 
t_local_next_step           = 0.263657 s for 200 calls
t grad + updateL + updateR  = 0.0744029 s for 800 calls of grad
t local_compute_c  = 0.0508959 s for 800 calls of grad
t_local_compute_lambda      = 0.00881736 s for 200 calls
t_local_compute_projection  = 0.111508 s for 800 calls

t_local_compute_grad_over_c = 0.0520514 s for 800 calls
t_local_update_R            = 0.00399827 s for 200 calls
t_local_update_L            = 0.0183533 s for 800 calls
t_check_                    = 0.000235433 s for 200 calls
t_local_init_fact           = 0 s for 0 calls
t_local_init_fact_from_palm = 0 s for 0 calls

timers in palm4MSA : 
t_global_next_step           = 0.936534 s for 1200 calls
t grad + updateL + updateR  = 0.222005 s for 3000 calls of grad
t_global_compute_c = 0.149769 s for 3000 calls
t_global_compute_lambda      = 0.0419743 s for 1200 calls
t_global_compute_projection  = 0.445325 s for 3000 calls

timers in hierarchical_fact :
t_init      = 1.0616e-05 s for 1 calls
t_next_step = 0.941149 s for 3 calls

total hierarchical fact = 0.941271
lambda=9401.576171875
