floating point precision == float
NFACTS : 4
VERBOSE : 0
UPDATEWAY : 0
INIT_LAMBDA : 1
ISFACTSIDELEFT : 0
ISCONSTANTSTEPSIZE : 0
step_size : 1e-16
data :  nbRow 500 NbCol : 32
stop_crit_2facts : 200
stop_crit_global : 200
CONSTRAINT  : 3
  FACTORS : 
type_cont : INT CONSTRAINT_NAME_SPLIN nb_row :500 nb_col :32 parameter :5
type_cont : INT CONSTRAINT_NAME_SP nb_row :32 nb_col :32 parameter :96
type_cont : INT CONSTRAINT_NAME_SP nb_row :32 nb_col :32 parameter :96


  RESIDUUMS : 
type_cont : FAUST_REAL CONSTRAINT_NAME_NORMCOL nb_row :32 nb_col :32 parameter :1
type_cont : INT CONSTRAINT_NAME_SP nb_row :32 nb_col :32 parameter :666
type_cont : INT CONSTRAINT_NAME_SP nb_row :32 nb_col :32 parameter :333


hierarchical_fact_cu<T>::compute_facts : factorisation 1/3
timers in palm4MSA_cu : 
t_local_next_step           = 3.15993 s for 200 calls
t grad + updateL + updateR  = 0.147611 s for 400 calls of grad
t local_compute_c  = 2.7395 s for 400 calls of grad
t_local_compute_lambda      = 0.0490379 s for 200 calls
t_local_compute_projection  = 0.117492 s for 400 calls

t_local_compute_grad_over_c = 0.0943142 s for 400 calls
t_local_update_R            = 0.0196343 s for 200 calls
t_local_update_L            = 0.033663 s for 400 calls
t_check_                    = 0.00145421 s for 200 calls
t_local_init_fact           = 0 s for 0 calls
t_local_init_fact_from_palm = 0 s for 0 calls

timers in palm4MSA_cu : 
t_local_next_step           = 2.19367 s for 200 calls
t grad + updateL + updateR  = 0.148613 s for 400 calls of grad
t local_compute_c  = 1.77304 s for 400 calls of grad
t_local_compute_lambda      = 0.0498397 s for 200 calls
t_local_compute_projection  = 0.115083 s for 400 calls

t_local_compute_grad_over_c = 0.0943661 s for 400 calls
t_local_update_R            = 0.0206873 s for 200 calls
t_local_update_L            = 0.0335597 s for 400 calls
t_check_                    = 0.00146454 s for 200 calls
t_local_init_fact           = 0 s for 0 calls
t_local_init_fact_from_palm = 0 s for 0 calls

hierarchical_fact_cu<T>::compute_facts : factorisation 2/3
timers in palm4MSA_cu : 
t_local_next_step           = 2.15587 s for 200 calls
t grad + updateL + updateR  = 0.139144 s for 400 calls of grad
t local_compute_c  = 1.87137 s for 400 calls of grad
t_local_compute_lambda      = 0.0420609 s for 200 calls
t_local_compute_projection  = 0.0475248 s for 400 calls

t_local_compute_grad_over_c = 0.0896371 s for 400 calls
t_local_update_R            = 0.0191723 s for 200 calls
t_local_update_L            = 0.0303344 s for 400 calls
t_check_                    = 0.00146067 s for 200 calls
t_local_init_fact           = 0 s for 0 calls
t_local_init_fact_from_palm = 0 s for 0 calls

timers in palm4MSA_cu : 
t_local_next_step           = 4.3103 s for 200 calls
t grad + updateL + updateR  = 0.20273 s for 600 calls of grad
t local_compute_c  = 3.7882 s for 600 calls of grad
t_local_compute_lambda      = 0.0488433 s for 200 calls
t_local_compute_projection  = 0.150162 s for 600 calls

t_local_compute_grad_over_c = 0.124717 s for 600 calls
t_local_update_R            = 0.0231396 s for 200 calls
t_local_update_L            = 0.0548736 s for 600 calls
t_check_                    = 0.00145546 s for 200 calls
t_local_init_fact           = 0 s for 0 calls
t_local_init_fact_from_palm = 0 s for 0 calls

hierarchical_fact_cu<T>::compute_facts : factorisation 3/3
timers in palm4MSA_cu : 
t_local_next_step           = 1.84039 s for 200 calls
t grad + updateL + updateR  = 0.134657 s for 400 calls of grad
t local_compute_c  = 1.56633 s for 400 calls of grad
t_local_compute_lambda      = 0.0416355 s for 200 calls
t_local_compute_projection  = 0.0430419 s for 400 calls

t_local_compute_grad_over_c = 0.085353 s for 400 calls
t_local_update_R            = 0.0191596 s for 200 calls
t_local_update_L            = 0.0301445 s for 400 calls
t_check_                    = 0.001452 s for 200 calls
t_local_init_fact           = 0 s for 0 calls
t_local_init_fact_from_palm = 0 s for 0 calls

timers in palm4MSA_cu : 
t_local_next_step           = 7.27639 s for 200 calls
t grad + updateL + updateR  = 0.261437 s for 800 calls of grad
t local_compute_c  = 6.66088 s for 800 calls of grad
t_local_compute_lambda      = 0.0496689 s for 200 calls
t_local_compute_projection  = 0.166379 s for 800 calls

t_local_compute_grad_over_c = 0.158679 s for 800 calls
t_local_update_R            = 0.0273633 s for 200 calls
t_local_update_L            = 0.0753941 s for 800 calls
t_check_                    = 0.00144902 s for 200 calls
t_local_init_fact           = 0 s for 0 calls
t_local_init_fact_from_palm = 0 s for 0 calls

timers in palm4MSA_cu : 
t_global_next_step           = 20.9312 s for 1200 calls
t grad + updateL + updateR  = 1.00093 s for 3000 calls of grad
t_global_compute_c = 18.3858 s for 3000 calls
t_global_compute_lambda      = 0.275857 s for 1200 calls
t_global_compute_projection  = 0.625676 s for 3000 calls

timers in hierarchical_fact_cu :
t_init      = 0.000395509 s for 1 calls
t_next_step = 20.954 s for 3 calls

timers in faust_cu_mat :
t_constructor_from_device    = 0.0871772 s for 2233 calls
t_constructor_from_host      = 0 s for 0 calls
t_constructor_from_size      = 6.528e-06 s for 1 calls
t_create                     = 0.280657 s for 35662 calls
t_clear                      = 0.266528 s for 35662 calls
t_copy_from_host             = 0.0241313 s for 3001 calls
t_copy_from_device           = 0.269049 s for 12022 calls
t_copy_to_host               = 0 s for 0 calls
t_copy_to_device             = 0 s for 0 calls
t_init                       = 0 s for 0 t_init
t_move_to_device             = 0 s for 0 calls
t_set_zeros                  = 0.127953 s for 2410 calls
t_set_eyes                   = 0.146822 s for 2403 calls
t_transpose                  = 0 s for 0 calls
t_init_from_transpose        = 0 s for 0 calls
t_max                        = 0 s for 0 calls
t_min                        = 0 s for 0 calls
t_abs                        = 0 s for 0 calls
t_norm                       = 0.000350432 s for 6 calls
t_trace                      = 0.0352646 s for 2400 calls
t_spectral_norm2             = 18.2571 s for 6000 calls
t_scalar_multiply            = 0.0248727 s for 3202 calls
t_operator_equal_from_device = 0.272058 s for 9811 calls
t_operator_equal_from_host   = 0.046453 s for 3001 calls
t_operator_plus_equal        = 0.00305616 s for 401 calls
t_operator_less_equal        = 0.0225028 s for 3003 calls
t_add_cuspmat                = 0 s for 0 calls
t_sub                        = 0 s for 0 calls
t_hadamard_product           = 0 s for 0 calls
t_display                    = 0 s for 0 calls
t_print_file                 = 0 s for 0 calls
t_gemm                       = 0.974913 s for 22797 calls
t_gemv                       = 1.37561 s for 149349 calls
t_add_ext                    = 0 s for 0 calls
t_power_iteration            = 18.0202 s for 3597 calls
       t_power_iteration_operator_equal = 1.22715 s for 149349 calls
       t_power_iteration_normalize      = 7.21552 s for 149349 calls
       t_power_iteration_gemv           = 2.51788 s for 149349 calls
       t_power_iteration_dot            = 3.39483 s for 149349 calls


timers in faust_cu_spmat :
t_constructor_from_device   = 0.000871648 s for 18 calls
t_constructor_from_host     = 0 s for 0 calls
t_create                    = 0.00107194 s for 54 calls
t_clear                     = 0.000752608 s for 36 calls
t_copy_from_host            = 0 s for 0 calls
t_copy_from_device          = 0.000514976 s for 9 calls
t_copy_to_host              = 0 s for 0 calls
t_copy_to_device            = 0 s for 0 calls
t_move_to_device            = 0 s for 0 calls
t_init_from_cuspmat         = 0.000597696 s for 18 calls
t_init_from_spmat           = 0 s for 0 calls
t_init_from_cumat           = 0.00218422 s for 9 calls
t_init_from_mat             = 0 s for 0 calls
t_scalar_multiply           = 2.5312e-05 s for 3 calls
t_operator_plus_equal_real  = 0 s for 0 calls
t_transpose                 = 0 s for 0 calls
t_init_from_transpose       = 0 s for 0 calls
t_norm                      = 0 s for 0 calls
t_display                   = 0 s for 0 calls
t_print_file                = 0 s for 0 calls
t_csrmv                     = 0 s for 0 calls
t_csrmm                     = 0.000865184 s for 6 calls


total hierarchical fact = 20.9545
lambda=9401.57421875
