data_filename : /home/tgautrai/faust2/test/data/MEG_data.txt
data
data : nbRow 8193 nbCol 204
nb_fact : 6
VERBOSE : 0
UPDATEWAY : 0
INIT_LAMBDA : 1
ISFACTSIDELEFT : 0
niter1 : 200
niter2 : 200
splin 8193 204 15
sp 204 204 1632
sp 204 204 1632
sp 204 204 1632
sp 204 204 1632
sp 204 204 41616
sp 204 204 46610
sp 204 204 37288
sp 204 204 29830
sp 204 204 23864
NFACTS : 6
VERBOSE : 0
UPDATEWAY : 0
INIT_LAMBDA : 1
ISFACTSIDELEFT : 0
ISCONSTANTSTEPSIZE : 0
step_size : 1e-16
data :  nbRow 8193 NbCol : 204
stop_crit_2facts : 200
stop_crit_global : 200
CONSTRAINT  : 5
  FACTORS : 
type_cont : INT CONSTRAINT_NAME_SPLIN nb_row :8193 nb_col :204 parameter :15
type_cont : INT CONSTRAINT_NAME_SP nb_row :204 nb_col :204 parameter :1632
type_cont : INT CONSTRAINT_NAME_SP nb_row :204 nb_col :204 parameter :1632
type_cont : INT CONSTRAINT_NAME_SP nb_row :204 nb_col :204 parameter :1632
type_cont : INT CONSTRAINT_NAME_SP nb_row :204 nb_col :204 parameter :1632


  RESIDUUMS : 
type_cont : INT CONSTRAINT_NAME_SP nb_row :204 nb_col :204 parameter :41616
type_cont : INT CONSTRAINT_NAME_SP nb_row :204 nb_col :204 parameter :46610
type_cont : INT CONSTRAINT_NAME_SP nb_row :204 nb_col :204 parameter :37288
type_cont : INT CONSTRAINT_NAME_SP nb_row :204 nb_col :204 parameter :29830
type_cont : INT CONSTRAINT_NAME_SP nb_row :204 nb_col :204 parameter :23864


hierarchical_fact<T>::compute_facts : factorization 1/5
hierarchical_fact<T>::compute_facts : factorization 2/5
hierarchical_fact<T>::compute_facts : factorization 3/5
hierarchical_fact<T>::compute_facts : factorization 4/5
hierarchical_fact<T>::compute_facts : factorization 5/5
total hierarchical fact = 886.501
lambda=22480.338342748094874
